<?xml version="1.0" encoding="windows-1252" standalone="no"?>
<!DOCTYPE log SYSTEM "logger.dtd">
<log>
<record>
  <date>2022-04-19T12:46:22</date>
  <millis>1650352582037</millis>
  <sequence>0</sequence>
  <logger>com.training.model.Book</logger>
  <level>INFO</level>
  <class>com.training.LoggingWithPropAndSaveToFile</class>
  <method>main</method>
  <thread>1</thread>
  <message>Logging Properties Done Right</message>
</record>
<record>
  <date>2022-04-19T12:46:22</date>
  <millis>1650352582052</millis>
  <sequence>1</sequence>
  <logger>com.training.model.Book</logger>
  <level>INFO</level>
  <class>com.training.model.Book</class>
  <method>&lt;init&gt;</method>
  <thread>1</thread>
  <message>Book With Zero Argument Constructor</message>
</record>
<record>
  <date>2022-04-19T12:46:22</date>
  <millis>1650352582052</millis>
  <sequence>2</sequence>
  <logger>com.training.model.Book</logger>
  <level>INFO</level>
  <class>com.training.LoggingWithPropAndSaveToFile</class>
  <method>main</method>
  <thread>1</thread>
  <message>Book [bookNumber=0, bookName=null, bookAuthor=null, price=0.0]</message>
</record>
</log>
